<?xml version="1.0" encoding="UTF-8"?>
<testng-results ignored="0" total="1" passed="1" failed="0" skipped="0">
  <reporter-output>
  </reporter-output>
  <suite started-at="2026-03-13T17:37:10 IST" name="Default suite" finished-at="2026-03-13T17:37:17 IST" duration-ms="7249">
    <groups>
    </groups>
    <test started-at="2026-03-13T17:37:10 IST" name="Default test" finished-at="2026-03-13T17:37:17 IST" duration-ms="7249">
      <class name="testscripts.LoginTest">
        <test-method is-config="true" signature="browserLaunch()[pri:0, instance:testscripts.LoginTest@18078bef]" started-at="2026-03-13T17:37:10 IST" name="browserLaunch" finished-at="2026-03-13T17:37:15 IST" duration-ms="5013" status="PASS">
          <reporter-output>
          </reporter-output>
        </test-method> <!-- browserLaunch -->
        <test-method signature="verifyUserLoginWithInvalidCredentials()[pri:0, instance:testscripts.LoginTest@18078bef]" started-at="2026-03-13T17:37:15 IST" name="verifyUserLoginWithInvalidCredentials" finished-at="2026-03-13T17:37:17 IST" duration-ms="2186" status="PASS">
          <reporter-output>
          </reporter-output>
        </test-method> <!-- verifyUserLoginWithInvalidCredentials -->
        <test-method is-config="true" signature="closeAndQuit()[pri:0, instance:testscripts.LoginTest@18078bef]" started-at="2026-03-13T17:37:17 IST" name="closeAndQuit" finished-at="2026-03-13T17:37:17 IST" duration-ms="3" status="PASS">
          <reporter-output>
          </reporter-output>
        </test-method> <!-- closeAndQuit -->
      </class> <!-- testscripts.LoginTest -->
    </test> <!-- Default test -->
  </suite> <!-- Default suite -->
</testng-results>
