<?xml version="1.0" encoding="UTF-8"?>
<testng-results ignored="0" total="1" passed="1" failed="0" skipped="0">
  <reporter-output>
  </reporter-output>
  <suite started-at="2026-03-26T12:04:56 IST" name="Suite" finished-at="2026-03-26T12:05:04 IST" duration-ms="8627">
    <groups>
    </groups>
    <test started-at="2026-03-26T12:04:56 IST" name="Test" finished-at="2026-03-26T12:05:04 IST" duration-ms="8627">
      <class name="testscripts.ManageNewsTest">
        <test-method is-config="true" signature="browserLaunch(java.lang.String)[pri:0, instance:testscripts.ManageNewsTest@446a1e84]" started-at="2026-03-26T12:04:56 IST" name="browserLaunch" finished-at="2026-03-26T12:04:59 IST" duration-ms="3309" status="PASS">
          <params>
            <param index="0">
              <value>
                <![CDATA[chrome]]>
              </value>
            </param>
          </params>
          <reporter-output>
          </reporter-output>
        </test-method> <!-- browserLaunch -->
        <test-method signature="verifyWhetherUserIsAbleToReset()[pri:3, instance:testscripts.ManageNewsTest@446a1e84]" started-at="2026-03-26T12:04:59 IST" name="verifyWhetherUserIsAbleToReset" description="Validating reset news option" finished-at="2026-03-26T12:05:04 IST" duration-ms="5247" status="PASS">
          <reporter-output>
          </reporter-output>
        </test-method> <!-- verifyWhetherUserIsAbleToReset -->
        <test-method is-config="true" signature="driverQuit(org.testng.ITestResult)[pri:0, instance:testscripts.ManageNewsTest@446a1e84]" started-at="2026-03-26T12:05:04 IST" name="driverQuit" finished-at="2026-03-26T12:05:04 IST" duration-ms="5" status="PASS">
          <params>
            <param index="0">
              <value>
                <![CDATA[[TestResult name=verifyWhetherUserIsAbleToReset status=SUCCESS method=ManageNewsTest.verifyWhetherUserIsAbleToReset()[pri:3, instance:testscripts.ManageNewsTest@446a1e84] output={null}]]]>
              </value>
            </param>
          </params>
          <reporter-output>
          </reporter-output>
        </test-method> <!-- driverQuit -->
      </class> <!-- testscripts.ManageNewsTest -->
    </test> <!-- Test -->
  </suite> <!-- Suite -->
</testng-results>
