<?xml version="1.0" encoding="UTF-8"?>
<!-- Generated by org.testng.reporters.JUnitXMLReporter -->
<testsuite ignored="0" hostname="DESKTOP-BB73UPO" failures="0" tests="8" name="Test" time="96.824" errors="0" timestamp="2026-03-23T17:54:32 IST">
  <testcase classname="testscripts.LoginTest" name="verifyUserLoginWithValidCredentials" time="3.533"/>
  <testcase classname="testscripts.LoginTest" name="verifyUserLoginWithInvalidUserName" time="0.965"/>
  <testcase classname="testscripts.LoginTest" name="verifyUserLoginWithInvalidPassword" time="0.76"/>
  <testcase classname="testscripts.LoginTest" name="verifyUserLoginWithInvalidCredentials" time="1.097"/>
  <testcase classname="testscripts.HomeTest" name="verifyUserIsAbleToSuccessfullyLogOut" time="14.797"/>
  <testcase classname="testscripts.AdminUsersTest" name="verifyWhetherUserIsAbleToAddANewUser" time="6.705"/>
  <testcase classname="testscripts.AdminUsersTest" name="verifyWhetherUserIsAbleToSearchAnUser" time="5.916"/>
  <testcase classname="testscripts.AdminUsersTest" name="verifyWhetherUserIsAbleToReset" time="4.368"/>
</testsuite> <!-- Test -->
