<?xml version="1.0" encoding="UTF-8"?>
<!-- Generated by org.testng.reporters.JUnitXMLReporter -->
<testsuite ignored="2" hostname="DESKTOP-BB73UPO" failures="0" tests="1" name="Test" time="8.627" errors="0" timestamp="2026-03-26T12:05:05 IST">
  <testcase classname="testscripts.ManageNewsTest" name="verifyWhetherUserIsAbleToReset" time="5.247"/>
  <testcase classname="testscripts.ManageNewsTest" name="verifyWhetherUserIsAbleToSearchANews" time="0.0">
    <ignored/>
  </testcase> <!-- verifyWhetherUserIsAbleToSearchANews -->
  <testcase classname="testscripts.ManageNewsTest" name="verifyWhetherUserIsAbleToAddANewNews" time="0.0">
    <ignored/>
  </testcase> <!-- verifyWhetherUserIsAbleToAddANewNews -->
</testsuite> <!-- Test -->
