<?xml version="1.0" encoding="UTF-8"?>
<!-- Generated by org.testng.reporters.JUnitXMLReporter -->
<testsuite ignored="0" hostname="DESKTOP-BB73UPO" failures="0" tests="4" name="Test 1" time="40.158" errors="0" timestamp="2026-03-26T11:03:36 IST">
  <testcase classname="testscripts.LoginTest" name="verifyUserLoginWithValidCredentials" time="2.797"/>
  <testcase classname="testscripts.LoginTest" name="verifyUserLoginWithInvalidUserName" time="1.093"/>
  <testcase classname="testscripts.LoginTest" name="verifyUserLoginWithInvalidPassword" time="1.513"/>
  <testcase classname="testscripts.LoginTest" name="verifyUserLoginWithInvalidCredentials" time="0.962"/>
</testsuite> <!-- Test 1 -->
