<?xml version="1.0" encoding="UTF-8"?>
<!-- Generated by org.testng.reporters.JUnitReportReporter -->
<testsuite hostname="DESKTOP-BB73UPO" failures="0" tests="3" name="testscripts.AdminUsersTest" time="43.899" errors="0" timestamp="2026-03-23T17:54:32 IST" skipped="0">
  <testcase classname="testscripts.AdminUsersTest" name="verifyWhetherUserIsAbleToAddANewUser" time="12.482"/>
  <testcase classname="testscripts.AdminUsersTest" name="verifyWhetherUserIsAbleToSearchAnUser" time="11.556"/>
  <testcase classname="testscripts.AdminUsersTest" name="verifyWhetherUserIsAbleToReset" time="19.861"/>
</testsuite> <!-- testscripts.AdminUsersTest -->
