<?xml version="1.0" encoding="UTF-8"?>
<!-- Generated by org.testng.reporters.JUnitReportReporter -->
<testsuite hostname="DESKTOP-BB73UPO" failures="0" tests="3" name="testscripts.ManageNewsTest" time="31.808" errors="0" timestamp="2026-03-24T14:35:02 IST" skipped="0">
  <testcase classname="testscripts.ManageNewsTest" name="verifyWhetherUserIsAbleToAddANewNews" time="9.596"/>
  <testcase classname="testscripts.ManageNewsTest" name="verifyWhetherUserIsAbleToSearchANews" time="7.050"/>
  <testcase classname="testscripts.ManageNewsTest" name="verifyWhetherUserIsAbleToReset" time="15.162"/>
</testsuite> <!-- testscripts.ManageNewsTest -->
