<?xml version="1.0" encoding="UTF-8"?>
<!-- Generated by org.testng.reporters.JUnitReportReporter -->
<testsuite hostname="DESKTOP-BB73UPO" failures="0" tests="4" name="testscripts.LoginTest" time="39.368" errors="0" timestamp="2026-03-24T14:31:18 IST" skipped="0">
  <testcase classname="testscripts.LoginTest" name="verifyUserLoginWithValidCredentials" time="7.793"/>
  <testcase classname="testscripts.LoginTest" name="verifyUserLoginWithInvalidUserName" time="11.779"/>
  <testcase classname="testscripts.LoginTest" name="verifyUserLoginWithInvalidPassword" time="6.783"/>
  <testcase classname="testscripts.LoginTest" name="verifyUserLoginWithInvalidCredentials" time="13.013"/>
</testsuite> <!-- testscripts.LoginTest -->
