<?xml version="1.0" encoding="UTF-8"?>
<!-- Generated by org.testng.reporters.JUnitReportReporter -->
<testsuite hostname="DESKTOP-BB73UPO" failures="0" tests="3" name="testscripts.AdminUsersTest" time="32.195" errors="0" timestamp="2026-03-24T14:33:40 IST" skipped="0">
  <testcase classname="testscripts.AdminUsersTest" name="verifyWhetherUserIsAbleToAddANewUser" time="13.335"/>
  <testcase classname="testscripts.AdminUsersTest" name="verifyWhetherUserIsAbleToSearchAnUser" time="10.448"/>
  <testcase classname="testscripts.AdminUsersTest" name="verifyWhetherUserIsAbleToReset" time="8.412"/>
</testsuite> <!-- testscripts.AdminUsersTest -->
