<?xml version="1.0" encoding="UTF-8"?>
<!-- Generated by org.testng.reporters.JUnitXMLReporter -->
<testsuite ignored="2" hostname="DESKTOP-BB73UPO" failures="0" tests="1" name="Default test" time="8.296" errors="0" timestamp="2026-03-23T16:51:53 IST">
  <testcase classname="testscripts.AdminUsersTest" name="verifyWhetherUserIsAbleToReset" time="4.403"/>
  <testcase classname="testscripts.AdminUsersTest" name="verifyWhetherUserIsAbleToAddANewUser" time="0.0">
    <ignored/>
  </testcase> <!-- verifyWhetherUserIsAbleToAddANewUser -->
  <testcase classname="testscripts.AdminUsersTest" name="verifyWhetherUserIsAbleToSearchAnUser" time="0.0">
    <ignored/>
  </testcase> <!-- verifyWhetherUserIsAbleToSearchAnUser -->
</testsuite> <!-- Default test -->
