<?xml version="1.0" encoding="UTF-8"?>
<!-- Generated by org.testng.reporters.JUnitXMLReporter -->
<testsuite ignored="0" hostname="DESKTOP-BB73UPO" failures="0" tests="3" name="Default test" time="31.888" errors="0" timestamp="2026-03-24T14:35:01 IST">
  <testcase classname="testscripts.ManageNewsTest" name="verifyWhetherUserIsAbleToAddANewNews" time="5.746"/>
  <testcase classname="testscripts.ManageNewsTest" name="verifyWhetherUserIsAbleToSearchANews" time="3.223"/>
  <testcase classname="testscripts.ManageNewsTest" name="verifyWhetherUserIsAbleToReset" time="7.486"/>
</testsuite> <!-- Default test -->
